<?xml version="1.0" encoding="UTF-8"?>
<testsuite xmlns:xsi="http://www.w3.org/2001/XMLSchema-instance" xsi:noNamespaceSchemaLocation="https://maven.apache.org/surefire/maven-surefire-plugin/xsd/surefire-test-report.xsd" name="com.zzp.MainApplicationTests" time="4.325" tests="1" errors="0" skipped="0" failures="0">
  <properties>
    <property name="sun.desktop" value="windows"/>
    <property name="awt.toolkit" value="sun.awt.windows.WToolkit"/>
    <property name="file.encoding.pkg" value="sun.io"/>
    <property name="java.specification.version" value="1.8"/>
    <property name="sun.cpu.isalist" value="amd64"/>
    <property name="sun.jnu.encoding" value="GBK"/>
    <property name="java.class.path" value="D:\ideaProject\springboot\springboot-helloworld\target\test-classes;D:\ideaProject\springboot\springboot-helloworld\target\classes;E:\InstallFile\apache-maven-3.6.0\repository\org\springframework\boot\spring-boot-configuration-processor\2.1.0.RELEASE\spring-boot-configuration-processor-2.1.0.RELEASE.jar;E:\InstallFile\apache-maven-3.6.0\repository\org\springframework\boot\spring-boot-starter-web\2.1.0.RELEASE\spring-boot-starter-web-2.1.0.RELEASE.jar;E:\InstallFile\apache-maven-3.6.0\repository\org\springframework\boot\spring-boot-starter\2.1.0.RELEASE\spring-boot-starter-2.1.0.RELEASE.jar;E:\InstallFile\apache-maven-3.6.0\repository\org\springframework\boot\spring-boot\2.1.0.RELEASE\spring-boot-2.1.0.RELEASE.jar;E:\InstallFile\apache-maven-3.6.0\repository\org\springframework\boot\spring-boot-autoconfigure\2.1.0.RELEASE\spring-boot-autoconfigure-2.1.0.RELEASE.jar;E:\InstallFile\apache-maven-3.6.0\repository\org\springframework\boot\spring-boot-starter-logging\2.1.0.RELEASE\spring-boot-starter-logging-2.1.0.RELEASE.jar;E:\InstallFile\apache-maven-3.6.0\repository\ch\qos\logback\logback-classic\1.2.3\logback-classic-1.2.3.jar;E:\InstallFile\apache-maven-3.6.0\repository\ch\qos\logback\logback-core\1.2.3\logback-core-1.2.3.jar;E:\InstallFile\apache-maven-3.6.0\repository\org\apache\logging\log4j\log4j-to-slf4j\2.11.1\log4j-to-slf4j-2.11.1.jar;E:\InstallFile\apache-maven-3.6.0\repository\org\apache\logging\log4j\log4j-api\2.11.1\log4j-api-2.11.1.jar;E:\InstallFile\apache-maven-3.6.0\repository\org\slf4j\jul-to-slf4j\1.7.25\jul-to-slf4j-1.7.25.jar;E:\InstallFile\apache-maven-3.6.0\repository\javax\annotation\javax.annotation-api\1.3.2\javax.annotation-api-1.3.2.jar;E:\InstallFile\apache-maven-3.6.0\repository\org\yaml\snakeyaml\1.23\snakeyaml-1.23.jar;E:\InstallFile\apache-maven-3.6.0\repository\org\springframework\boot\spring-boot-starter-json\2.1.0.RELEASE\spring-boot-starter-json-2.1.0.RELEASE.jar;E:\InstallFile\apache-maven-3.6.0\repository\com\fasterxml\jackson\core\jackson-databind\2.9.7\jackson-databind-2.9.7.jar;E:\InstallFile\apache-maven-3.6.0\repository\com\fasterxml\jackson\core\jackson-annotations\2.9.0\jackson-annotations-2.9.0.jar;E:\InstallFile\apache-maven-3.6.0\repository\com\fasterxml\jackson\core\jackson-core\2.9.7\jackson-core-2.9.7.jar;E:\InstallFile\apache-maven-3.6.0\repository\com\fasterxml\jackson\datatype\jackson-datatype-jdk8\2.9.7\jackson-datatype-jdk8-2.9.7.jar;E:\InstallFile\apache-maven-3.6.0\repository\com\fasterxml\jackson\datatype\jackson-datatype-jsr310\2.9.7\jackson-datatype-jsr310-2.9.7.jar;E:\InstallFile\apache-maven-3.6.0\repository\com\fasterxml\jackson\module\jackson-module-parameter-names\2.9.7\jackson-module-parameter-names-2.9.7.jar;E:\InstallFile\apache-maven-3.6.0\repository\org\springframework\boot\spring-boot-starter-tomcat\2.1.0.RELEASE\spring-boot-starter-tomcat-2.1.0.RELEASE.jar;E:\InstallFile\apache-maven-3.6.0\repository\org\apache\tomcat\embed\tomcat-embed-core\9.0.12\tomcat-embed-core-9.0.12.jar;E:\InstallFile\apache-maven-3.6.0\repository\org\apache\tomcat\embed\tomcat-embed-el\9.0.12\tomcat-embed-el-9.0.12.jar;E:\InstallFile\apache-maven-3.6.0\repository\org\apache\tomcat\embed\tomcat-embed-websocket\9.0.12\tomcat-embed-websocket-9.0.12.jar;E:\InstallFile\apache-maven-3.6.0\repository\org\hibernate\validator\hibernate-validator\6.0.13.Final\hibernate-validator-6.0.13.Final.jar;E:\InstallFile\apache-maven-3.6.0\repository\javax\validation\validation-api\2.0.1.Final\validation-api-2.0.1.Final.jar;E:\InstallFile\apache-maven-3.6.0\repository\org\jboss\logging\jboss-logging\3.3.2.Final\jboss-logging-3.3.2.Final.jar;E:\InstallFile\apache-maven-3.6.0\repository\com\fasterxml\classmate\1.4.0\classmate-1.4.0.jar;E:\InstallFile\apache-maven-3.6.0\repository\org\springframework\spring-web\5.1.2.RELEASE\spring-web-5.1.2.RELEASE.jar;E:\InstallFile\apache-maven-3.6.0\repository\org\springframework\spring-beans\5.1.2.RELEASE\spring-beans-5.1.2.RELEASE.jar;E:\InstallFile\apache-maven-3.6.0\repository\org\springframework\spring-webmvc\5.1.2.RELEASE\spring-webmvc-5.1.2.RELEASE.jar;E:\InstallFile\apache-maven-3.6.0\repository\org\springframework\spring-aop\5.1.2.RELEASE\spring-aop-5.1.2.RELEASE.jar;E:\InstallFile\apache-maven-3.6.0\repository\org\springframework\spring-context\5.1.2.RELEASE\spring-context-5.1.2.RELEASE.jar;E:\InstallFile\apache-maven-3.6.0\repository\org\springframework\spring-expression\5.1.2.RELEASE\spring-expression-5.1.2.RELEASE.jar;E:\InstallFile\apache-maven-3.6.0\repository\org\projectlombok\lombok\1.18.2\lombok-1.18.2.jar;E:\InstallFile\apache-maven-3.6.0\repository\org\springframework\boot\spring-boot-starter-test\2.1.0.RELEASE\spring-boot-starter-test-2.1.0.RELEASE.jar;E:\InstallFile\apache-maven-3.6.0\repository\org\springframework\boot\spring-boot-test\2.1.0.RELEASE\spring-boot-test-2.1.0.RELEASE.jar;E:\InstallFile\apache-maven-3.6.0\repository\org\springframework\boot\spring-boot-test-autoconfigure\2.1.0.RELEASE\spring-boot-test-autoconfigure-2.1.0.RELEASE.jar;E:\InstallFile\apache-maven-3.6.0\repository\com\jayway\jsonpath\json-path\2.4.0\json-path-2.4.0.jar;E:\InstallFile\apache-maven-3.6.0\repository\net\minidev\json-smart\2.3\json-smart-2.3.jar;E:\InstallFile\apache-maven-3.6.0\repository\net\minidev\accessors-smart\1.2\accessors-smart-1.2.jar;E:\InstallFile\apache-maven-3.6.0\repository\org\ow2\asm\asm\5.0.4\asm-5.0.4.jar;E:\InstallFile\apache-maven-3.6.0\repository\org\slf4j\slf4j-api\1.7.25\slf4j-api-1.7.25.jar;E:\InstallFile\apache-maven-3.6.0\repository\junit\junit\4.12\junit-4.12.jar;E:\InstallFile\apache-maven-3.6.0\repository\org\assertj\assertj-core\3.11.1\assertj-core-3.11.1.jar;E:\InstallFile\apache-maven-3.6.0\repository\org\mockito\mockito-core\2.23.0\mockito-core-2.23.0.jar;E:\InstallFile\apache-maven-3.6.0\repository\net\bytebuddy\byte-buddy\1.9.3\byte-buddy-1.9.3.jar;E:\InstallFile\apache-maven-3.6.0\repository\net\bytebuddy\byte-buddy-agent\1.9.3\byte-buddy-agent-1.9.3.jar;E:\InstallFile\apache-maven-3.6.0\repository\org\objenesis\objenesis\2.6\objenesis-2.6.jar;E:\InstallFile\apache-maven-3.6.0\repository\org\hamcrest\hamcrest-core\1.3\hamcrest-core-1.3.jar;E:\InstallFile\apache-maven-3.6.0\repository\org\hamcrest\hamcrest-library\1.3\hamcrest-library-1.3.jar;E:\InstallFile\apache-maven-3.6.0\repository\org\skyscreamer\jsonassert\1.5.0\jsonassert-1.5.0.jar;E:\InstallFile\apache-maven-3.6.0\repository\com\vaadin\external\google\android-json\0.0.20131108.vaadin1\android-json-0.0.20131108.vaadin1.jar;E:\InstallFile\apache-maven-3.6.0\repository\org\springframework\spring-core\5.1.2.RELEASE\spring-core-5.1.2.RELEASE.jar;E:\InstallFile\apache-maven-3.6.0\repository\org\springframework\spring-jcl\5.1.2.RELEASE\spring-jcl-5.1.2.RELEASE.jar;E:\InstallFile\apache-maven-3.6.0\repository\org\springframework\spring-test\5.1.2.RELEASE\spring-test-5.1.2.RELEASE.jar;E:\InstallFile\apache-maven-3.6.0\repository\org\xmlunit\xmlunit-core\2.6.2\xmlunit-core-2.6.2.jar;E:\InstallFile\apache-maven-3.6.0\repository\org\mybatis\spring\boot\mybatis-spring-boot-starter\1.3.2\mybatis-spring-boot-starter-1.3.2.jar;E:\InstallFile\apache-maven-3.6.0\repository\org\springframework\boot\spring-boot-starter-jdbc\2.1.0.RELEASE\spring-boot-starter-jdbc-2.1.0.RELEASE.jar;E:\InstallFile\apache-maven-3.6.0\repository\com\zaxxer\HikariCP\3.2.0\HikariCP-3.2.0.jar;E:\InstallFile\apache-maven-3.6.0\repository\org\springframework\spring-jdbc\5.1.2.RELEASE\spring-jdbc-5.1.2.RELEASE.jar;E:\InstallFile\apache-maven-3.6.0\repository\org\springframework\spring-tx\5.1.2.RELEASE\spring-tx-5.1.2.RELEASE.jar;E:\InstallFile\apache-maven-3.6.0\repository\org\mybatis\spring\boot\mybatis-spring-boot-autoconfigure\1.3.2\mybatis-spring-boot-autoconfigure-1.3.2.jar;E:\InstallFile\apache-maven-3.6.0\repository\org\mybatis\mybatis\3.4.6\mybatis-3.4.6.jar;E:\InstallFile\apache-maven-3.6.0\repository\org\mybatis\mybatis-spring\1.3.2\mybatis-spring-1.3.2.jar;E:\InstallFile\apache-maven-3.6.0\repository\mysql\mysql-connector-java\8.0.13\mysql-connector-java-8.0.13.jar;E:\InstallFile\apache-maven-3.6.0\repository\com\alibaba\druid\1.1.11\druid-1.1.11.jar;"/>
    <property name="java.vm.vendor" value="Oracle Corporation"/>
    <property name="sun.arch.data.model" value="64"/>
    <property name="user.variant" value=""/>
    <property name="java.vendor.url" value="http://java.oracle.com/"/>
    <property name="user.timezone" value="Asia/Shanghai"/>
    <property name="java.vm.specification.version" value="1.8"/>
    <property name="os.name" value="Windows 7"/>
    <property name="user.country" value="CN"/>
    <property name="sun.java.launcher" value="SUN_STANDARD"/>
    <property name="sun.boot.library.path" value="E:\InstallFile\Java\jdk8\jre\bin"/>
    <property name="sun.java.command" value="C:\Users\ADMINI~1\AppData\Local\Temp\surefire4411683679029721585\surefirebooter4663257342171210592.jar C:\Users\Administrator\AppData\Local\Temp\surefire4411683679029721585 2018-11-26T18-24-52_924-jvmRun1 surefire8428913188016326004tmp surefire_02044393348684859999tmp"/>
    <property name="surefire.test.class.path" value="D:\ideaProject\springboot\springboot-helloworld\target\test-classes;D:\ideaProject\springboot\springboot-helloworld\target\classes;E:\InstallFile\apache-maven-3.6.0\repository\org\springframework\boot\spring-boot-configuration-processor\2.1.0.RELEASE\spring-boot-configuration-processor-2.1.0.RELEASE.jar;E:\InstallFile\apache-maven-3.6.0\repository\org\springframework\boot\spring-boot-starter-web\2.1.0.RELEASE\spring-boot-starter-web-2.1.0.RELEASE.jar;E:\InstallFile\apache-maven-3.6.0\repository\org\springframework\boot\spring-boot-starter\2.1.0.RELEASE\spring-boot-starter-2.1.0.RELEASE.jar;E:\InstallFile\apache-maven-3.6.0\repository\org\springframework\boot\spring-boot\2.1.0.RELEASE\spring-boot-2.1.0.RELEASE.jar;E:\InstallFile\apache-maven-3.6.0\repository\org\springframework\boot\spring-boot-autoconfigure\2.1.0.RELEASE\spring-boot-autoconfigure-2.1.0.RELEASE.jar;E:\InstallFile\apache-maven-3.6.0\repository\org\springframework\boot\spring-boot-starter-logging\2.1.0.RELEASE\spring-boot-starter-logging-2.1.0.RELEASE.jar;E:\InstallFile\apache-maven-3.6.0\repository\ch\qos\logback\logback-classic\1.2.3\logback-classic-1.2.3.jar;E:\InstallFile\apache-maven-3.6.0\repository\ch\qos\logback\logback-core\1.2.3\logback-core-1.2.3.jar;E:\InstallFile\apache-maven-3.6.0\repository\org\apache\logging\log4j\log4j-to-slf4j\2.11.1\log4j-to-slf4j-2.11.1.jar;E:\InstallFile\apache-maven-3.6.0\repository\org\apache\logging\log4j\log4j-api\2.11.1\log4j-api-2.11.1.jar;E:\InstallFile\apache-maven-3.6.0\repository\org\slf4j\jul-to-slf4j\1.7.25\jul-to-slf4j-1.7.25.jar;E:\InstallFile\apache-maven-3.6.0\repository\javax\annotation\javax.annotation-api\1.3.2\javax.annotation-api-1.3.2.jar;E:\InstallFile\apache-maven-3.6.0\repository\org\yaml\snakeyaml\1.23\snakeyaml-1.23.jar;E:\InstallFile\apache-maven-3.6.0\repository\org\springframework\boot\spring-boot-starter-json\2.1.0.RELEASE\spring-boot-starter-json-2.1.0.RELEASE.jar;E:\InstallFile\apache-maven-3.6.0\repository\com\fasterxml\jackson\core\jackson-databind\2.9.7\jackson-databind-2.9.7.jar;E:\InstallFile\apache-maven-3.6.0\repository\com\fasterxml\jackson\core\jackson-annotations\2.9.0\jackson-annotations-2.9.0.jar;E:\InstallFile\apache-maven-3.6.0\repository\com\fasterxml\jackson\core\jackson-core\2.9.7\jackson-core-2.9.7.jar;E:\InstallFile\apache-maven-3.6.0\repository\com\fasterxml\jackson\datatype\jackson-datatype-jdk8\2.9.7\jackson-datatype-jdk8-2.9.7.jar;E:\InstallFile\apache-maven-3.6.0\repository\com\fasterxml\jackson\datatype\jackson-datatype-jsr310\2.9.7\jackson-datatype-jsr310-2.9.7.jar;E:\InstallFile\apache-maven-3.6.0\repository\com\fasterxml\jackson\module\jackson-module-parameter-names\2.9.7\jackson-module-parameter-names-2.9.7.jar;E:\InstallFile\apache-maven-3.6.0\repository\org\springframework\boot\spring-boot-starter-tomcat\2.1.0.RELEASE\spring-boot-starter-tomcat-2.1.0.RELEASE.jar;E:\InstallFile\apache-maven-3.6.0\repository\org\apache\tomcat\embed\tomcat-embed-core\9.0.12\tomcat-embed-core-9.0.12.jar;E:\InstallFile\apache-maven-3.6.0\repository\org\apache\tomcat\embed\tomcat-embed-el\9.0.12\tomcat-embed-el-9.0.12.jar;E:\InstallFile\apache-maven-3.6.0\repository\org\apache\tomcat\embed\tomcat-embed-websocket\9.0.12\tomcat-embed-websocket-9.0.12.jar;E:\InstallFile\apache-maven-3.6.0\repository\org\hibernate\validator\hibernate-validator\6.0.13.Final\hibernate-validator-6.0.13.Final.jar;E:\InstallFile\apache-maven-3.6.0\repository\javax\validation\validation-api\2.0.1.Final\validation-api-2.0.1.Final.jar;E:\InstallFile\apache-maven-3.6.0\repository\org\jboss\logging\jboss-logging\3.3.2.Final\jboss-logging-3.3.2.Final.jar;E:\InstallFile\apache-maven-3.6.0\repository\com\fasterxml\classmate\1.4.0\classmate-1.4.0.jar;E:\InstallFile\apache-maven-3.6.0\repository\org\springframework\spring-web\5.1.2.RELEASE\spring-web-5.1.2.RELEASE.jar;E:\InstallFile\apache-maven-3.6.0\repository\org\springframework\spring-beans\5.1.2.RELEASE\spring-beans-5.1.2.RELEASE.jar;E:\InstallFile\apache-maven-3.6.0\repository\org\springframework\spring-webmvc\5.1.2.RELEASE\spring-webmvc-5.1.2.RELEASE.jar;E:\InstallFile\apache-maven-3.6.0\repository\org\springframework\spring-aop\5.1.2.RELEASE\spring-aop-5.1.2.RELEASE.jar;E:\InstallFile\apache-maven-3.6.0\repository\org\springframework\spring-context\5.1.2.RELEASE\spring-context-5.1.2.RELEASE.jar;E:\InstallFile\apache-maven-3.6.0\repository\org\springframework\spring-expression\5.1.2.RELEASE\spring-expression-5.1.2.RELEASE.jar;E:\InstallFile\apache-maven-3.6.0\repository\org\projectlombok\lombok\1.18.2\lombok-1.18.2.jar;E:\InstallFile\apache-maven-3.6.0\repository\org\springframework\boot\spring-boot-starter-test\2.1.0.RELEASE\spring-boot-starter-test-2.1.0.RELEASE.jar;E:\InstallFile\apache-maven-3.6.0\repository\org\springframework\boot\spring-boot-test\2.1.0.RELEASE\spring-boot-test-2.1.0.RELEASE.jar;E:\InstallFile\apache-maven-3.6.0\repository\org\springframework\boot\spring-boot-test-autoconfigure\2.1.0.RELEASE\spring-boot-test-autoconfigure-2.1.0.RELEASE.jar;E:\InstallFile\apache-maven-3.6.0\repository\com\jayway\jsonpath\json-path\2.4.0\json-path-2.4.0.jar;E:\InstallFile\apache-maven-3.6.0\repository\net\minidev\json-smart\2.3\json-smart-2.3.jar;E:\InstallFile\apache-maven-3.6.0\repository\net\minidev\accessors-smart\1.2\accessors-smart-1.2.jar;E:\InstallFile\apache-maven-3.6.0\repository\org\ow2\asm\asm\5.0.4\asm-5.0.4.jar;E:\InstallFile\apache-maven-3.6.0\repository\org\slf4j\slf4j-api\1.7.25\slf4j-api-1.7.25.jar;E:\InstallFile\apache-maven-3.6.0\repository\junit\junit\4.12\junit-4.12.jar;E:\InstallFile\apache-maven-3.6.0\repository\org\assertj\assertj-core\3.11.1\assertj-core-3.11.1.jar;E:\InstallFile\apache-maven-3.6.0\repository\org\mockito\mockito-core\2.23.0\mockito-core-2.23.0.jar;E:\InstallFile\apache-maven-3.6.0\repository\net\bytebuddy\byte-buddy\1.9.3\byte-buddy-1.9.3.jar;E:\InstallFile\apache-maven-3.6.0\repository\net\bytebuddy\byte-buddy-agent\1.9.3\byte-buddy-agent-1.9.3.jar;E:\InstallFile\apache-maven-3.6.0\repository\org\objenesis\objenesis\2.6\objenesis-2.6.jar;E:\InstallFile\apache-maven-3.6.0\repository\org\hamcrest\hamcrest-core\1.3\hamcrest-core-1.3.jar;E:\InstallFile\apache-maven-3.6.0\repository\org\hamcrest\hamcrest-library\1.3\hamcrest-library-1.3.jar;E:\InstallFile\apache-maven-3.6.0\repository\org\skyscreamer\jsonassert\1.5.0\jsonassert-1.5.0.jar;E:\InstallFile\apache-maven-3.6.0\repository\com\vaadin\external\google\android-json\0.0.20131108.vaadin1\android-json-0.0.20131108.vaadin1.jar;E:\InstallFile\apache-maven-3.6.0\repository\org\springframework\spring-core\5.1.2.RELEASE\spring-core-5.1.2.RELEASE.jar;E:\InstallFile\apache-maven-3.6.0\repository\org\springframework\spring-jcl\5.1.2.RELEASE\spring-jcl-5.1.2.RELEASE.jar;E:\InstallFile\apache-maven-3.6.0\repository\org\springframework\spring-test\5.1.2.RELEASE\spring-test-5.1.2.RELEASE.jar;E:\InstallFile\apache-maven-3.6.0\repository\org\xmlunit\xmlunit-core\2.6.2\xmlunit-core-2.6.2.jar;E:\InstallFile\apache-maven-3.6.0\repository\org\mybatis\spring\boot\mybatis-spring-boot-starter\1.3.2\mybatis-spring-boot-starter-1.3.2.jar;E:\InstallFile\apache-maven-3.6.0\repository\org\springframework\boot\spring-boot-starter-jdbc\2.1.0.RELEASE\spring-boot-starter-jdbc-2.1.0.RELEASE.jar;E:\InstallFile\apache-maven-3.6.0\repository\com\zaxxer\HikariCP\3.2.0\HikariCP-3.2.0.jar;E:\InstallFile\apache-maven-3.6.0\repository\org\springframework\spring-jdbc\5.1.2.RELEASE\spring-jdbc-5.1.2.RELEASE.jar;E:\InstallFile\apache-maven-3.6.0\repository\org\springframework\spring-tx\5.1.2.RELEASE\spring-tx-5.1.2.RELEASE.jar;E:\InstallFile\apache-maven-3.6.0\repository\org\mybatis\spring\boot\mybatis-spring-boot-autoconfigure\1.3.2\mybatis-spring-boot-autoconfigure-1.3.2.jar;E:\InstallFile\apache-maven-3.6.0\repository\org\mybatis\mybatis\3.4.6\mybatis-3.4.6.jar;E:\InstallFile\apache-maven-3.6.0\repository\org\mybatis\mybatis-spring\1.3.2\mybatis-spring-1.3.2.jar;E:\InstallFile\apache-maven-3.6.0\repository\mysql\mysql-connector-java\8.0.13\mysql-connector-java-8.0.13.jar;E:\InstallFile\apache-maven-3.6.0\repository\com\alibaba\druid\1.1.11\druid-1.1.11.jar;"/>
    <property name="sun.cpu.endian" value="little"/>
    <property name="user.home" value="C:\Users\Administrator"/>
    <property name="user.language" value="zh"/>
    <property name="java.specification.vendor" value="Oracle Corporation"/>
    <property name="java.home" value="E:\InstallFile\Java\jdk8\jre"/>
    <property name="basedir" value="D:\ideaProject\springboot\springboot-helloworld"/>
    <property name="file.separator" value="\"/>
    <property name="line.separator" value="&#10;"/>
    <property name="java.vm.specification.vendor" value="Oracle Corporation"/>
    <property name="java.specification.name" value="Java Platform API Specification"/>
    <property name="java.awt.graphicsenv" value="sun.awt.Win32GraphicsEnvironment"/>
    <property name="surefire.real.class.path" value="C:\Users\ADMINI~1\AppData\Local\Temp\surefire4411683679029721585\surefirebooter4663257342171210592.jar"/>
    <property name="sun.boot.class.path" value="E:\InstallFile\Java\jdk8\jre\lib\resources.jar;E:\InstallFile\Java\jdk8\jre\lib\rt.jar;E:\InstallFile\Java\jdk8\jre\lib\sunrsasign.jar;E:\InstallFile\Java\jdk8\jre\lib\jsse.jar;E:\InstallFile\Java\jdk8\jre\lib\jce.jar;E:\InstallFile\Java\jdk8\jre\lib\charsets.jar;E:\InstallFile\Java\jdk8\jre\lib\jfr.jar;E:\InstallFile\Java\jdk8\jre\classes"/>
    <property name="user.script" value=""/>
    <property name="sun.management.compiler" value="HotSpot 64-Bit Tiered Compilers"/>
    <property name="java.runtime.version" value="1.8.0_144-b01"/>
    <property name="user.name" value="Admin"/>
    <property name="path.separator" value=";"/>
    <property name="os.version" value="6.1"/>
    <property name="java.endorsed.dirs" value="E:\InstallFile\Java\jdk8\jre\lib\endorsed"/>
    <property name="java.runtime.name" value="Java(TM) SE Runtime Environment"/>
    <property name="file.encoding" value="GBK"/>
    <property name="java.vm.name" value="Java HotSpot(TM) 64-Bit Server VM"/>
    <property name="localRepository" value="E:\InstallFile\apache-maven-3.6.0\repository"/>
    <property name="java.vendor.url.bug" value="http://bugreport.sun.com/bugreport/"/>
    <property name="java.io.tmpdir" value="C:\Users\ADMINI~1\AppData\Local\Temp\"/>
    <property name="idea.version" value="2016.3"/>
    <property name="java.version" value="1.8.0_144"/>
    <property name="user.dir" value="D:\ideaProject\springboot\springboot-helloworld"/>
    <property name="os.arch" value="amd64"/>
    <property name="java.vm.specification.name" value="Java Virtual Machine Specification"/>
    <property name="java.awt.printerjob" value="sun.awt.windows.WPrinterJob"/>
    <property name="sun.os.patch.level" value="Service Pack 1"/>
    <property name="java.library.path" value="E:\InstallFile\Java\jdk8\jre\bin;C:\Windows\Sun\Java\bin;C:\Windows\system32;C:\Windows;E:\InstallFile\Java\jdk8/bin;E:\InstallFile\Java\jdk8/jre/bin;E:\InstallFile\mysql5.5\bin;C:\Windows\system32;C:\Windows;C:\Windows\System32\Wbem;C:\Windows\System32\WindowsPowerShell\v1.0\;D:\VisualSVN Server\bin;E:\software\redis\;E:\InstallFile\TortoiseSVN\bin;C:\ProgramData\Oracle\Java\javapath;E:\apache-tomcat-7.0.57\bin;E:\InstallFile\apache-maven-3.6.0/bin;E:\InstallFile\nodejs\;E:\InstallFile\Git\cmd;;D:\Microsoft VS Code\bin;C:\Users\Administrator\AppData\Local\Programs\EmEditor;E:\InstallFile\Microsoft VS Code\bin;C:\Users\Administrator\AppData\Roaming\npm;C:\Program Files\Bandizip\;."/>
    <property name="java.vm.info" value="mixed mode"/>
    <property name="java.vendor" value="Oracle Corporation"/>
    <property name="java.vm.version" value="25.144-b01"/>
    <property name="java.ext.dirs" value="E:\InstallFile\Java\jdk8\jre\lib\ext;C:\Windows\Sun\Java\lib\ext"/>
    <property name="sun.io.unicode.encoding" value="UnicodeLittle"/>
    <property name="java.class.version" value="52.0"/>
  </properties>
  <testcase name="contextLoads" classname="com.zzp.MainApplicationTests" time="0.477"/>
</testsuite>